<?xml version="1.0" encoding="UTF-8"?>
<Site BuildName="(empty)"
	BuildStamp="20240710-1239-Experimental"
	Name="grace"
	Generator="ctest-3.16.3"
	CompilerName="/usr/bin/c++"
	CompilerVersion="9.4.0"
	OSName="Linux"
	Hostname="grace"
	OSRelease="5.15.0-113-generic"
	OSVersion="#123~20.04.1-Ubuntu SMP Wed Jun 12 17:33:13 UTC 2024"
	OSPlatform="x86_64"
	Is64Bits="1"
	VendorString="GenuineIntel"
	VendorID="Intel Corporation"
	FamilyID="6"
	ModelID="142"
	ProcessorCacheSize="8192"
	NumberOfLogicalCPU="8"
	NumberOfPhysicalCPU="4"
	TotalVirtualMemory="2047"
	TotalPhysicalMemory="31840"
	LogicalProcessorsPerPhysical="2"
	ProcessorClockFrequency="2432.07"
	>
	<Testing>
		<StartDateTime>Jul 10 21:39 JST</StartDateTime>
		<StartTestTime>1720615146</StartTestTime>
		<TestList/>
		<EndDateTime>Jul 10 21:39 JST</EndDateTime>
		<EndTestTime>1720615146</EndTestTime>
		<ElapsedMinutes>0</ElapsedMinutes>
	</Testing>
</Site>
