<?xml version="1.0" encoding="UTF-8"?>
<Site BuildName="(empty)"
	BuildStamp="20240724-0048-Experimental"
	Name="grace"
	Generator="ctest-3.16.3"
	CompilerName="/usr/bin/c++"
	CompilerVersion="9.4.0"
	OSName="Linux"
	Hostname="grace"
	OSRelease="5.15.0-116-generic"
	OSVersion="#126~20.04.1-Ubuntu SMP Mon Jul 1 15:40:07 UTC 2024"
	OSPlatform="x86_64"
	Is64Bits="1"
	VendorString="GenuineIntel"
	VendorID="Intel Corporation"
	FamilyID="6"
	ModelID="142"
	ProcessorCacheSize="8192"
	NumberOfLogicalCPU="8"
	NumberOfPhysicalCPU="4"
	TotalVirtualMemory="2047"
	TotalPhysicalMemory="31840"
	LogicalProcessorsPerPhysical="2"
	ProcessorClockFrequency="2300.01"
	>
	<Testing>
		<StartDateTime>Jul 24 09:48 JST</StartDateTime>
		<StartTestTime>1721782117</StartTestTime>
		<TestList/>
		<EndDateTime>Jul 24 09:48 JST</EndDateTime>
		<EndTestTime>1721782117</EndTestTime>
		<ElapsedMinutes>0</ElapsedMinutes>
	</Testing>
</Site>
